code/Wimoto/proguard-project.txt
-injars      bin/classes
-outjars     bin/classes-processed.jar
-libraryjars libs/android-support-v4.jar
-libraryjars libs/CBLite-1.0.0-beta2.jar
-libraryjars libs/CBLiteJavascript-1.0.0-beta2.jar
-libraryjars libs/CBLiteListener-1.0.0-beta2.jar
-libraryjars libs/commons-io-2.0.1.jar
-libraryjars libs/jackson-core-asl-1.9.2.jar
-libraryjars libs/jackson-mapper-asl-1.9.2.jar
-libraryjars libs/rhino-1.7R3.jar
-libraryjars libs/servlet-2-3.jar
-libraryjars libs/webserver-2-3.jar

-dontpreverify
-dontusemixedcaseclassnames
-dontskipnonpubliclibraryclasses
-repackageclasses ''
-optimizations !code/simplification/arithmetic
-keepattributes *Annotation*
-keepattributes Signature
-verbose

-keep public class com.google.vending.licensing.ILicensingService
-keep public class com.android.vending.licensing.ILicensingService

-keep public class * extends android.app.Activity
-keep public class * extends android.app.Application
-keep public class * extends android.app.Service
-keep public class * extends android.content.BroadcastReceiver
-keep public class * extends android.content.ContentProvider

-keep public class * extends android.view.View {
    public <init>(android.content.Context);
    public <init>(android.content.Context, android.util.AttributeSet);
    public <init>(android.content.Context, android.util.AttributeSet, int);
    public void set*(...);
}

-keepclassmembers public class * extends android.view.View {
   void set*(***);
   *** get*();
}

-keepclassmembers enum * {
    public static **[] values();
    public static ** valueOf(java.lang.String);
}

-keepclasseswithmembers class * {
    public <init>(android.content.Context, android.util.AttributeSet);
}

-keepclasseswithmembers class * {
    public <init>(android.content.Context, android.util.AttributeSet, int);
}

-keepclassmembers class * extends android.content.Context {
   public void *(android.view.View);
   public void *(android.view.MenuItem);
}

-keepclassmembers class * implements android.os.Parcelable {
    static ** CREATOR;
}

-keepclassmembers class **.R$* {
    public static <fields>;
}

-keepclassmembers class * {
    @android.webkit.JavascriptInterface <methods>;
}

-keepclasseswithmembernames class * {
    native <methods>;
}

-dontwarn android.support.**

# custom section

-keep class org.codehaus.** { *;}
-dontwarn org.codehaus.**

-dontwarn org.mozilla.**

-keep class com.couchbase.** { *;}

-keepclassmembers class * implements com.mobitexoft.utils.propertyobserver.PropertyObservable {
    <fields>;
}

-keepclassmembers public class * extends com.mobitexoft.file.File {
    public static ** getFile(...);
    protected <init>(...);
}