code/Wimoto/proguard/seeds.txt
com.wimoto.app.MainActivity
com.wimoto.app.MainActivity: MainActivity()
com.wimoto.app.R$anim: int alarm_in
com.wimoto.app.R$anim: int alarm_out
com.wimoto.app.R$anim: int slide_left_in
com.wimoto.app.R$anim: int slide_left_out
com.wimoto.app.R$anim: int slide_right_in
com.wimoto.app.R$anim: int slide_right_out
com.wimoto.app.R$attr: int behindOffset
com.wimoto.app.R$attr: int behindScrollScale
com.wimoto.app.R$attr: int behindWidth
com.wimoto.app.R$attr: int fadeDegree
com.wimoto.app.R$attr: int fadeEnabled
com.wimoto.app.R$attr: int fontFamily
com.wimoto.app.R$attr: int limitThumbRange
com.wimoto.app.R$attr: int mode
com.wimoto.app.R$attr: int orientation
com.wimoto.app.R$attr: int range
com.wimoto.app.R$attr: int scaleMax
com.wimoto.app.R$attr: int scaleMin
com.wimoto.app.R$attr: int scaleStep
com.wimoto.app.R$attr: int selectorDrawable
com.wimoto.app.R$attr: int selectorEnabled
com.wimoto.app.R$attr: int shadowDrawable
com.wimoto.app.R$attr: int shadowWidth
com.wimoto.app.R$attr: int thumb
com.wimoto.app.R$attr: int thumbHeight
com.wimoto.app.R$attr: int thumbWidth
com.wimoto.app.R$attr: int thumbs
com.wimoto.app.R$attr: int touchModeAbove
com.wimoto.app.R$attr: int touchModeBehind
com.wimoto.app.R$attr: int track
com.wimoto.app.R$attr: int viewAbove
com.wimoto.app.R$attr: int viewBehind
com.wimoto.app.R$color: int blue
com.wimoto.app.R$color: int color_black
com.wimoto.app.R$color: int color_blue
com.wimoto.app.R$color: int color_header
com.wimoto.app.R$color: int color_light_gray
com.wimoto.app.R$color: int color_pink
com.wimoto.app.R$color: int color_red
com.wimoto.app.R$color: int color_rssi
com.wimoto.app.R$color: int color_sensor_background
com.wimoto.app.R$color: int color_sensor_climate
com.wimoto.app.R$color: int color_sensor_grow
com.wimoto.app.R$color: int color_sensor_sentry
com.wimoto.app.R$color: int color_sensor_thermo
com.wimoto.app.R$color: int color_sensor_water
com.wimoto.app.R$color: int color_sparkline_background
com.wimoto.app.R$color: int color_transparent
com.wimoto.app.R$color: int color_white
com.wimoto.app.R$color: int gray_border
com.wimoto.app.R$color: int light_gray
com.wimoto.app.R$color: int white
com.wimoto.app.R$dimen: int activity_horizontal_margin
com.wimoto.app.R$dimen: int activity_vertical_margin
com.wimoto.app.R$dimen: int menu_offset
com.wimoto.app.R$dimen: int menu_shadow_width
com.wimoto.app.R$drawable: int accelerometer
com.wimoto.app.R$drawable: int alarm_clock_white
com.wimoto.app.R$drawable: int battery_full
com.wimoto.app.R$drawable: int battery_high
com.wimoto.app.R$drawable: int battery_low
com.wimoto.app.R$drawable: int battery_medium
com.wimoto.app.R$drawable: int border
com.wimoto.app.R$drawable: int buttons
com.wimoto.app.R$drawable: int climate_logo
com.wimoto.app.R$drawable: int cloud
com.wimoto.app.R$drawable: int cloud_download
com.wimoto.app.R$drawable: int cloud_refresh
com.wimoto.app.R$drawable: int cloud_sync_icon
com.wimoto.app.R$drawable: int cloud_upload
com.wimoto.app.R$drawable: int datalogger_icon
com.wimoto.app.R$drawable: int droplet
com.wimoto.app.R$drawable: int firmware_icon
com.wimoto.app.R$drawable: int grow_logo
com.wimoto.app.R$drawable: int humidity
com.wimoto.app.R$drawable: int ic_launcher
com.wimoto.app.R$drawable: int infrared_thermometer
com.wimoto.app.R$drawable: int ios_switch
com.wimoto.app.R$drawable: int ios_switch_0
com.wimoto.app.R$drawable: int ios_switch_0_rev
com.wimoto.app.R$drawable: int ios_switch_1
com.wimoto.app.R$drawable: int ios_switch_1_rev
com.wimoto.app.R$drawable: int ios_switch_2
com.wimoto.app.R$drawable: int ios_switch_2_rev
com.wimoto.app.R$drawable: int ios_switch_3
com.wimoto.app.R$drawable: int ios_switch_3_rev
com.wimoto.app.R$drawable: int ios_switch_4
com.wimoto.app.R$drawable: int ios_switch_4_rev
com.wimoto.app.R$drawable: int ios_switch_reverse
...
com.couchbase.lite.replicator.Puller
com.couchbase.lite.replicator.Puller: int MAX_OPEN_HTTP_CONNECTIONS
com.couchbase.lite.replicator.Puller: com.couchbase.lite.support.Batcher downloadsToInsert
com.couchbase.lite.replicator.Puller: java.util.List revsToPull
com.couchbase.lite.replicator.Puller: com.couchbase.lite.replicator.ChangeTracker changeTracker
com.couchbase.lite.replicator.Puller: com.couchbase.lite.support.SequenceMap pendingSequences
com.couchbase.lite.replicator.Puller: int httpConnectionCount
com.couchbase.lite.replicator.Puller: Puller(com.couchbase.lite.Database,java.net.URL,boolean,java.util.concurrent.ScheduledExecutorService)
com.couchbase.lite.replicator.Puller: Puller(com.couchbase.lite.Database,java.net.URL,boolean,com.couchbase.lite.support.HttpClientFactory,java.util.concurrent.ScheduledExecutorService)
com.couchbase.lite.replicator.Puller: boolean isPull()
com.couchbase.lite.replicator.Puller: boolean shouldCreateTarget()
com.couchbase.lite.replicator.Puller: void setCreateTarget(boolean)
com.couchbase.lite.replicator.Puller: void stop()
com.couchbase.lite.replicator.Puller: void beginReplicating()
com.couchbase.lite.replicator.Puller: void stopped()
com.couchbase.lite.replicator.Puller: void changeTrackerReceivedChange(java.util.Map)
com.couchbase.lite.replicator.Puller: void changeTrackerStopped(com.couchbase.lite.replicator.ChangeTracker)
com.couchbase.lite.replicator.Puller: org.apache.http.client.HttpClient getHttpClient()
com.couchbase.lite.replicator.Puller$1
com.couchbase.lite.replicator.Puller$1: com.couchbase.lite.replicator.Puller this$0
com.couchbase.lite.replicator.Puller$1: Puller$1(com.couchbase.lite.replicator.Puller)
com.couchbase.lite.replicator.Puller$1: void process(java.util.List)
com.couchbase.lite.replicator.Puller$2
com.couchbase.lite.replicator.Puller$2: com.couchbase.lite.internal.RevisionInternal val$rev
com.couchbase.lite.replicator.Puller$2: java.lang.String val$pathInside
com.couchbase.lite.replicator.Puller$2: com.couchbase.lite.replicator.Puller this$0
com.couchbase.lite.replicator.Puller$2: Puller$2(com.couchbase.lite.replicator.Puller,com.couchbase.lite.internal.RevisionInternal,java.lang.String)
com.couchbase.lite.replicator.Puller$2: void onCompletion(java.lang.Object,java.lang.Throwable)
com.couchbase.lite.replicator.Puller$3
com.couchbase.lite.replicator.Puller$3: com.couchbase.lite.replicator.Puller this$0
com.couchbase.lite.replicator.Puller$3: Puller$3(com.couchbase.lite.replicator.Puller)
com.couchbase.lite.replicator.Puller$3: int compare(java.util.List,java.util.List)
com.couchbase.lite.replicator.Puller$3: int compare(java.lang.Object,java.lang.Object)