code/Wimoto/proguard/mapping.txt
com.wimoto.app.MainActivity -> com.wimoto.app.MainActivity:
    int REQUEST_ENABLE_BT -> e
    com.wimoto.app.menu.left.LeftMenuFragment mLeftMenuFragment -> f
    com.wimoto.app.menu.right.RightMenuFragment mRightMenuFragment -> g
    android.support.v4.app.Fragment mCurrentFragment -> h
    com.wimoto.app.managers.SensorsManager mSensorsManager -> i
    void onCreate(android.os.Bundle) -> onCreate
    void onStart() -> onStart
    void onStop() -> onStop
    void onActivityResult(int,int,android.content.Intent) -> onActivityResult
    void onDestroy() -> onDestroy
    void pushFragmentToCenterSlide(android.support.v4.app.Fragment,java.lang.String) -> a
    com.wimoto.app.managers.SensorsManager getSensorsManager() -> h
    void searchSensorAction() -> i
    void showSensorDetails(com.wimoto.app.model.Sensor) -> a
    void didUpdateSensors(java.util.ArrayList) -> a
com.wimoto.app.bluetooth.BluetoothConnection -> bs:
    java.lang.String BLE_GENERIC_SERVICE_UUID_DEVICE -> a
    java.lang.String BLE_GENERIC_CHAR_UUID_SYSTEM_ID -> b
    java.lang.String BLE_CLIMATE_AD_SERVICE_UUID -> c
    java.lang.String BLE_GROW_AD_SERVICE_UUID -> d
    java.lang.String BLE_SENTRY_AD_SERVICE_UUID -> e
    java.lang.String BLE_THERMO_AD_SERVICE_UUID -> f
    java.lang.String BLE_WATER_AD_SERVICE_UUID -> g
    char[] hexArray -> h
    java.lang.String mSystemId -> i
    com.wimoto.app.model.SensorProfile mSensorProfile -> j
    android.bluetooth.BluetoothDevice mBluetoothDevice -> k
    android.bluetooth.BluetoothGatt mBluetoothGatt -> l
    java.util.LinkedList mRequests -> m
    com.wimoto.app.bluetooth.BluetoothConnection$BluetoothConnectionStateListener mBluetoothConnectionStateListener -> n
    android.bluetooth.BluetoothGattCallback mGattCallback -> o
    com.wimoto.app.bluetooth.BluetoothConnection createConnection(com.wimoto.app.bluetooth.BluetoothConnection$BluetoothConnectionStateListener,android.bluetooth.BluetoothDevice,byte[]) -> a
    android.bluetooth.BluetoothDevice getBluetoothDevice() -> a
    java.lang.String getId() -> b
    java.lang.String getName() -> c
    java.lang.String getAddress() -> d
    void setRssi(int) -> a
    com.wimoto.app.model.SensorProfile getSensorProfile() -> e
    com.wimoto.app.model.SensorProfile defineProfile(byte[]) -> a
    void disconnect() -> f
com.wimoto.app.bluetooth.BluetoothConnection$1 -> bt:
    com.wimoto.app.bluetooth.BluetoothConnection this$0 -> a
    void onConnectionStateChange(android.bluetooth.BluetoothGatt,int,int) -> onConnectionStateChange
    void onServicesDiscovered(android.bluetooth.BluetoothGatt,int) -> onServicesDiscovered
    void onCharacteristicRead(android.bluetooth.BluetoothGatt,android.bluetooth.BluetoothGattCharacteristic,int) -> onCharacteristicRead
    void onCharacteristicChanged(android.bluetooth.BluetoothGatt,android.bluetooth.BluetoothGattCharacteristic) -> onCharacteristicChanged
    void onDescriptorWrite(android.bluetooth.BluetoothGatt,android.bluetooth.BluetoothGattDescriptor,int) -> onDescriptorWrite
    void onCharacteristicWrite(android.bluetooth.BluetoothGatt,android.bluetooth.BluetoothGattCharacteristic,int) -> onCharacteristicWrite
    void onReadRemoteRssi(android.bluetooth.BluetoothGatt,int,int) -> onReadRemoteRssi
com.wimoto.app.bluetooth.BluetoothConnection$BluetoothConnectionStateListener -> bu:
    void didConnectionStateChanged(com.wimoto.app.bluetooth.BluetoothConnection) -> a
com.wimoto.app.bluetooth.BluetoothConnection$CharacteristicRequest -> bv:
    int mType -> a
    java.lang.String mServiceUuidString -> b
    java.lang.String mCharacteristicUuidString -> c
    byte[] mValue -> d
    int getType() -> a
    java.lang.String getServiceUuidString() -> b
    java.lang.String getCharacteristicUuidString() -> c
    byte[] getValue() -> d
...
javax.servlet.http.HttpSessionBindingListener -> ez:
    void valueUnbound$54b5d9e5() -> a
javax.servlet.http.HttpSessionEvent -> fa:
javax.servlet.http.NoBodyOutputStream -> fb:
    java.util.ResourceBundle lStrings -> a
    int contentLength -> b
    int getContentLength() -> b
    void write(int) -> write
    void write(byte[],int,int) -> write
javax.servlet.http.NoBodyResponse -> fc:
    javax.servlet.ServletResponse resp$4ff530f5 -> a
    javax.servlet.http.NoBodyOutputStream noBody -> b
    boolean didSetContentLength -> c
    void setContentLength() -> a
    void setContentLength(int) -> a
    void setContentType(java.lang.String) -> d
    javax.servlet.ServletOutputStream getOutputStream() -> t
    void setBufferSize(int) -> b
    void flushBuffer() -> v
    void addCookie(javax.servlet.http.Cookie) -> a
    boolean containsHeader(java.lang.String) -> f
    void setStatus(int,java.lang.String) -> a
    void setStatus(int) -> c
    void setHeader(java.lang.String,java.lang.String) -> b
    void setDateHeader(java.lang.String,long) -> a
    void sendError(int,java.lang.String) -> b
    void sendError(int) -> d
    void sendRedirect(java.lang.String) -> g
    void addHeader(java.lang.String,java.lang.String) -> a
org.apache.http.entity.mime.FormBodyPart -> fd:
    org.apache.http.entity.mime.Header header -> a
    org.apache.http.entity.mime.content.ContentDescriptor body$1fe809e2 -> b
    org.apache.http.entity.mime.content.ContentDescriptor getBody$61d04b01() -> a
    org.apache.http.entity.mime.Header getHeader() -> b
    void addField(java.lang.String,java.lang.String) -> a
org.apache.http.entity.mime.Header -> fe:
    java.util.List fields -> a
    java.util.Map fieldMap -> b
    void addField(org.apache.http.entity.mime.MinimalField) -> a
    org.apache.http.entity.mime.MinimalField getField(java.lang.String) -> a
    java.util.Iterator iterator() -> iterator
    java.lang.String toString() -> toString
org.apache.http.entity.mime.HttpMultipart -> ff:
    org.apache.http.util.ByteArrayBuffer FIELD_SEP -> a
    org.apache.http.util.ByteArrayBuffer CR_LF -> b
    org.apache.http.util.ByteArrayBuffer TWO_DASHES -> c
    java.nio.charset.Charset charset -> d
    java.lang.String boundary -> e
    java.util.List parts -> f
    org.apache.http.entity.mime.HttpMultipartMode mode -> g
    org.apache.http.util.ByteArrayBuffer encode(java.nio.charset.Charset,java.lang.String) -> a
    void writeBytes(org.apache.http.util.ByteArrayBuffer,java.io.OutputStream) -> a
    void writeBytes(java.lang.String,java.nio.charset.Charset,java.io.OutputStream) -> a
    void writeBytes(java.lang.String,java.io.OutputStream) -> a
    void writeField(org.apache.http.entity.mime.MinimalField,java.nio.charset.Charset,java.io.OutputStream) -> a
    java.util.List getBodyParts() -> a
    void addBodyPart(org.apache.http.entity.mime.FormBodyPart) -> a
    void doWriteTo(org.apache.http.entity.mime.HttpMultipartMode,java.io.OutputStream,boolean) -> a
    void writeTo(java.io.OutputStream) -> a
    long getTotalLength() -> b
org.apache.http.entity.mime.HttpMultipart$1 -> fg:
    int[] $SwitchMap$org$apache$http$entity$mime$HttpMultipartMode -> a
org.apache.http.entity.mime.HttpMultipartMode -> fh:
    org.apache.http.entity.mime.HttpMultipartMode STRICT -> a
    org.apache.http.entity.mime.HttpMultipartMode BROWSER_COMPATIBLE -> b
    org.apache.http.entity.mime.HttpMultipartMode[] $VALUES -> c
    org.apache.http.entity.mime.HttpMultipartMode[] values() -> values
    org.apache.http.entity.mime.HttpMultipartMode valueOf(java.lang.String) -> valueOf
org.apache.http.entity.mime.MIME -> fi:
    java.nio.charset.Charset DEFAULT_CHARSET -> a
org.apache.http.entity.mime.MinimalField -> fj:
    java.lang.String name -> a
    java.lang.String value -> b
    java.lang.String getName() -> a
    java.lang.String getBody() -> b
    java.lang.String toString() -> toString