code/Wimoto/proguard/usage.txt
com.wimoto.app.BuildConfig
com.wimoto.app.MainActivity:
    private static final java.lang.String TAG_NO_SENSOR
com.wimoto.app.R
com.wimoto.app.R$anim
com.wimoto.app.R$attr
com.wimoto.app.R$color
com.wimoto.app.R$dimen
com.wimoto.app.R$drawable
com.wimoto.app.R$id
com.wimoto.app.R$layout
com.wimoto.app.R$menu
com.wimoto.app.R$string
com.wimoto.app.R$style
com.wimoto.app.R$styleable
com.wimoto.app.bluetooth.BluetoothConnection:
    94:94:public int getRssi()
    105:108:public void readRssi()
    115:116:public void setSystemId(java.lang.String)
com.wimoto.app.bluetooth.BluetoothConnection$CharacteristicRequest:
    public static final int REQUEST_TYPE_READ
    public static final int REQUEST_TYPE_WRITE
    public static final int REQUEST_TYPE_UPDATE
com.wimoto.app.dialogs.AlarmSliderDialog
com.wimoto.app.dialogs.AlarmSliderDialog$1
com.wimoto.app.dialogs.AlarmSliderDialog$2
com.wimoto.app.dialogs.AlarmSliderDialog$3
com.wimoto.app.dialogs.AlarmSliderDialog$AlarmSliderDialogListener
com.wimoto.app.managers.SensorsManager:
    private static final java.lang.String WIMOTO_DB
    private static final java.lang.String WIMOTO_SENSORS
    private static final java.lang.String DOC_TYPE
com.wimoto.app.menu.left.MenuItem:
    public static final java.lang.String SEARCH
    public static final java.lang.String SETTINGS
    public static final java.lang.String HELP
    14:15:public MenuItem(java.lang.String)
com.wimoto.app.model.CBEntity:
    public static final java.lang.String CB_DOCUMENT_TYPE
    private static final java.lang.String DATE_FORMAT
    17:19:public CBEntity()
com.wimoto.app.model.ClimateSensor:
    128:128:public float getTemperature()
    139:139:public float getLight()
    150:150:public float getHumidity()
com.wimoto.app.model.Sensor:
    101:103:public Sensor(com.wimoto.app.bluetooth.BluetoothConnection)
    178:178:public float getBatteryLevel()
    191:191:public int getRssi()
    328:328:public static float fahrToCels(float)
    332:332:public static float celsToFahr(float)
com.wimoto.app.model.SensorValue:
    public static final java.lang.String CB_DOCUMENT_SENSOR_VALUE_SENSOR_ID
    public static final java.lang.String CB_DOCUMENT_SENSOR_VALUE_VALUE
    public static final java.lang.String CB_DOCUMENT_SENSOR_VALUE_CREATED_AT
com.wimoto.app.model.SentrySensor:
    92:92:public float getAccelerometer()
    125:125:public boolean isAccelerometerAlarmClear()
com.wimoto.app.screens.sensor.SensorFragment:
    private static final java.lang.String TAG_SENSOR
    private static final java.lang.String TAG_NO_SENSOR
    194:215:protected void showAlarmMessage(com.wimoto.app.model.Sensor,java.lang.String,java.lang.String)
    219:219:protected void switchOffAlarm(java.lang.String)
com.wimoto.app.screens.sensor.SensorFragment$3
com.wimoto.app.screens.sensor.SensorFragment$4
com.wimoto.app.utils.AppContext:
    7:7:public AppContext()
    20:31:public static void showAlert(java.lang.String)
    34:34:public static java.lang.String getString(int)
com.wimoto.app.utils.AppContext$1
com.wimoto.app.utils.SwipeDetector:
    private static final int MIN_DISTANCE
com.wimoto.app.widgets.AlarmPickerView:
    259:285:public void hide()
com.wimoto.app.widgets.AlarmPickerView$7
com.wimoto.app.widgets.AnimationSwitch:
    public static final boolean CHECKED
    public static final boolean UNCHECKED
...
Acme.Serve.FileServlet:
    public static final java.lang.String DEF_USE_COMPRESSION
    public static final java.lang.String DEF_USE_SUPRESSIND
    static final java.lang.String BYTES_UNIT
    private static final boolean logenabled
Acme.Serve.Main
Acme.Serve.Main$1
Acme.Serve.Main$2
Acme.Serve.Main$3
Acme.Serve.Main$RollingOutputStream
Acme.Serve.SSLAcceptor
Acme.Serve.SelectorAcceptor
Acme.Serve.Serve$AcceptLocaleEnumeration
Acme.Serve.Serve$AcmeCookie:
    5294:5294:public boolean isHttpOnly()
Acme.Serve.Serve$AcmeSession:
    4954:4955:Serve$AcmeSession(java.lang.String,javax.servlet.ServletContext,javax.servlet.http.HttpSessionContext)
    4969:4969:public long getCreationTime()
    4977:4977:public long getLastAccessedTime()
    4981:4982:public void setMaxInactiveInterval(int)
    4985:4985:public int getMaxInactiveInterval()
    4992:4992:public javax.servlet.http.HttpSessionContext getSessionContext()
    5007:5009:public java.lang.Object getAttribute(java.lang.String)
    5013:5013:public java.lang.Object getValue(java.lang.String)
    5023:5029:public java.lang.String[] getValueNames()
    5033:5046:public void setAttribute(java.lang.String,java.lang.Object)
    5049:5050:public void putValue(java.lang.String,java.lang.Object)
    5064:5065:public void removeValue(java.lang.String)
    5087:5101:public synchronized void setListeners(java.util.List)
    5111:5112:public synchronized void setServletContext(javax.servlet.ServletContext)
    5141:5155:private void notifyListeners(java.lang.String,java.lang.Object,java.lang.Object)
Acme.Serve.Serve$BasicAuthRealm:
    4105:4107:public Serve$BasicAuthRealm(java.lang.String)
Acme.Serve.Serve$HttpSessionContextImpl:
    5353:5353:public java.util.Enumeration getIds()
    5357:5357:public javax.servlet.http.HttpSession getSession(java.lang.String)
Acme.Serve.Serve$Identification
Acme.Serve.Serve$LocaleWithWeight
Acme.Serve.Serve$PathTreeDictionary:
    4740:4743:public synchronized java.lang.Object[] remove(java.lang.String)
Acme.Serve.Serve$PathTreeDictionary$Node:
    java.lang.String name
Acme.Serve.Serve$ServeConfig:
    1640:1641:public Serve$ServeConfig(javax.servlet.ServletContext)
Acme.Serve.Serve$ServeConnection:
    public static final java.lang.String WWWFORMURLENCODE
    public static final java.lang.String CHUNKED
    public static final java.lang.String SESSION_COOKIE_NAME
    public static final java.lang.String SESSION_URL_NAME
    private static final int MAYBEVERSION
    private static final int INVERSION
    private static final int OLD_INNAME
    private static final int OLD_INVAL
    private static final int INVERSIONNUM
    private static final int RECOVER
    private static final int NEW_INNAME
    private static final int NEW_INVAL
    private static final int INPATH
    private static final int MAYBEINPATH
    private static final int INPATHVALUE
    private static final int MAYBEPORT
    private static final int INDOMAIN
    private static final int MAYBEDOMAIN
    private static final int INPORT
    private static final int INDOMAINVALUE
    private static final int INPORTVALUE
    2329:2330:public void setInInclude(boolean)
    2334:2335:public void spawnAsync(Acme.Serve.Serve$AsyncCallback)
    2792:2802:public java.io.BufferedReader getReader()
    2806:2843:private java.util.Map assureParametersFromRequest()
    2848:2849:public java.util.Enumeration getParameterNames()
    2856:2860:public java.lang.String getParameter(java.lang.String)
    2866:2867:public java.lang.String[] getParameterValues(java.lang.String)
    2883:2885:public javax.servlet.http.Cookie[] getCookies()
Acme.Serve.Serve$ServeInputStream:
    private static final boolean STREAM_DEBUG
    4454:4454:boolean isReturnedAsStream()
    4466:4467:void setReturnedAsReader(boolean)